[debug] [2025-10-12T02:37:59.210Z] ----------------------------------------------------------------------
[debug] [2025-10-12T02:37:59.212Z] Command:       C:\Program Files\nodejs\node.exe C:\Users\lkis2\AppData\Roaming\npm\node_modules\firebase-tools\lib\bin\firebase.js init
[debug] [2025-10-12T02:37:59.212Z] CLI Version:   14.19.1
[debug] [2025-10-12T02:37:59.212Z] Platform:      win32
[debug] [2025-10-12T02:37:59.212Z] Node Version:  v24.10.0
[debug] [2025-10-12T02:37:59.213Z] Time:          Sun Oct 12 2025 11:37:59 GMT+0900 (대한민국 표준시)
[debug] [2025-10-12T02:37:59.213Z] ----------------------------------------------------------------------
[debug] 
[info] 
     ######## #### ########  ######## ########     ###     ######  ########
     ##        ##  ##     ## ##       ##     ##  ##   ##  ##       ##
     ######    ##  ########  ######   ########  #########  ######  ######
     ##        ##  ##    ##  ##       ##     ## ##     ##       ## ##
     ##       #### ##     ## ######## ########  ##     ##  ######  ########

You're about to initialize a Firebase project in this directory:

  C:\test\ilife_front\ilife_front

Before we get started, keep in mind:

  * You are currently outside your home directory

[debug] [2025-10-12T02:38:29.946Z] ExitPromptError: User force closed the prompt with SIGINT
    at Interface.sigint (C:\Users\lkis2\AppData\Roaming\npm\node_modules\firebase-tools\node_modules\@inquirer\core\dist\commonjs\lib\create-prompt.js:101:37)
    at Interface.emit (node:events:508:28)
    at Interface.emit (node:domain:489:12)
    at [_ttyWrite] [as _ttyWrite] (node:internal/readline/interface:1317:18)
    at ReadStream.onkeypress (node:internal/readline/interface:284:20)
    at ReadStream.emit (node:events:520:35)
    at ReadStream.emit (node:domain:489:12)
    at emitKeys (node:internal/readline/utils:371:14)
    at emitKeys.next (<anonymous>)
    at ReadStream.onData (node:internal/readline/emitKeypressEvents:64:36)
[error] 
[error] Error: An unexpected error has occurred.
